<?xml version="1.0" encoding="UTF-8" ?>
<testsuite failures="1" time="1.761" errors="0" skipped="0" tests="1" name="br.com.fabriciocs.erp.view.controller.ClienteTest">
  <properties>
[...]
</properties>
  <testcase time="1.579" classname="br.com.fabriciocs.erp.view.controller.ClienteTest" name="getCliente">
    <failure message="Status expected:&lt;200&gt; but was:&lt;415&gt;" type="java.lang.AssertionError">java.lang.AssertionError: Status expected:&lt;200&gt; but was:&lt;415&gt;
	at org.springframework.test.util.AssertionErrors.fail(AssertionErrors.java:60)
	at org.springframework.test.util.AssertionErrors.assertEquals(AssertionErrors.java:89)
	at org.springframework.test.web.servlet.result.StatusResultMatchers$5.match(StatusResultMatchers.java:549)
	at org.springframework.test.web.servlet.MockMvc$1.andExpect(MockMvc.java:148)
	at br.com.fabriciocs.erp.view.controller.ClienteTest.getCliente(ClienteTest.java:46)
	at sun.reflect.NativeMethodAccessorImpl.invoke0(Native Method)
	at sun.reflect.NativeMethodAccessorImpl.invoke(NativeMethodAccessorImpl.java:57)
	at sun.reflect.DelegatingMethodAccessorImpl.invoke(DelegatingMethodAccessorImpl.java:43)
	at java.lang.reflect.Method.invoke(Method.java:601)
	at org.junit.runners.model.FrameworkMethod$1.runReflectiveCall(FrameworkMethod.java:47)
	at org.junit.internal.runners.model.ReflectiveCallable.run(ReflectiveCallable.java:12)
	at org.junit.runners.model.FrameworkMethod.invokeExplosively(FrameworkMethod.java:44)
	at org.junit.internal.runners.statements.InvokeMethod.evaluate(InvokeMethod.java:17)
	at org.junit.internal.runners.statements.RunBefores.evaluate(RunBefores.java:26)
	at org.springframework.test.context.junit4.statements.RunBeforeTestMethodCallbacks.evaluate(RunBeforeTestMethodCallbacks.java:74)
	at org.springframework.test.context.junit4.statements.RunAfterTestMethodCallbacks.evaluate(RunAfterTestMethodCallbacks.java:83)
	at org.springframework.test.context.junit4.statements.SpringRepeat.evaluate(SpringRepeat.java:72)
	at org.springframework.test.context.junit4.SpringJUnit4ClassRunner.runChild(SpringJUnit4ClassRunner.java:231)
	at org.springframework.test.context.junit4.SpringJUnit4ClassRunner.runChild(SpringJUnit4ClassRunner.java:88)
	at org.junit.runners.ParentRunner$3.run(ParentRunner.java:238)
	at org.junit.runners.ParentRunner$1.schedule(ParentRunner.java:63)
	at org.junit.runners.ParentRunner.runChildren(ParentRunner.java:236)
	at org.junit.runners.ParentRunner.access$000(ParentRunner.java:53)
	at org.junit.runners.ParentRunner$2.evaluate(ParentRunner.java:229)
	at org.springframework.test.context.junit4.statements.RunBeforeTestClassCallbacks.evaluate(RunBeforeTestClassCallbacks.java:61)
	at org.springframework.test.context.junit4.statements.RunAfterTestClassCallbacks.evaluate(RunAfterTestClassCallbacks.java:71)
	at org.junit.runners.ParentRunner.run(ParentRunner.java:309)
	at org.springframework.test.context.junit4.SpringJUnit4ClassRunner.run(SpringJUnit4ClassRunner.java:174)
	at org.apache.maven.surefire.junit4.JUnit4TestSet.execute(JUnit4TestSet.java:53)
	at org.apache.maven.surefire.junit4.JUnit4Provider.executeTestSet(JUnit4Provider.java:123)
	at org.apache.maven.surefire.junit4.JUnit4Provider.invoke(JUnit4Provider.java:104)
	at sun.reflect.NativeMethodAccessorImpl.invoke0(Native Method)
	at sun.reflect.NativeMethodAccessorImpl.invoke(NativeMethodAccessorImpl.java:57)
	at sun.reflect.DelegatingMethodAccessorImpl.invoke(DelegatingMethodAccessorImpl.java:43)
	at java.lang.reflect.Method.invoke(Method.java:601)
	at org.apache.maven.surefire.util.ReflectionUtils.invokeMethodWithArray(ReflectionUtils.java:164)
	at org.apache.maven.surefire.booter.ProviderFactory$ProviderProxy.invoke(ProviderFactory.java:110)
	at org.apache.maven.surefire.booter.SurefireStarter.invokeProvider(SurefireStarter.java:175)
	at org.apache.maven.surefire.booter.SurefireStarter.runSuitesInProcessWhenForked(SurefireStarter.java:107)
	at org.apache.maven.surefire.booter.ForkedBooter.main(ForkedBooter.java:68)
</failure>
    <system-err>Nov 23, 2013 3:57:00 PM org.springframework.beans.factory.xml.XmlBeanDefinitionReader loadBeanDefinitions
Informações: Loading XML bean definitions from URL [file:src/main/webapp/WEB-INF/config/app/spring.xml]
Nov 23, 2013 3:57:01 PM org.springframework.beans.factory.xml.XmlBeanDefinitionReader loadBeanDefinitions
Informações: Loading XML bean definitions from URL [file:src/main/webapp/WEB-INF/config/app/spring-di.xml]
Nov 23, 2013 3:57:01 PM org.springframework.beans.factory.xml.XmlBeanDefinitionReader loadBeanDefinitions
Informações: Loading XML bean definitions from URL [file:src/main/webapp/WEB-INF/config/app/spring-ds.xml]
Nov 23, 2013 3:57:01 PM org.springframework.beans.factory.xml.XmlBeanDefinitionReader loadBeanDefinitions
Informações: Loading XML bean definitions from URL [file:src/main/webapp/WEB-INF/config/app/spring-orm.xml]
Nov 23, 2013 3:57:01 PM org.springframework.context.support.AbstractApplicationContext prepareRefresh
Informações: Refreshing org.springframework.web.context.support.GenericWebApplicationContext@5682dc20: startup date [Sat Nov 23 15:57:01 BRST 2013]; root of context hierarchy
Nov 23, 2013 3:57:01 PM org.springframework.beans.factory.support.DefaultListableBeanFactory preInstantiateSingletons
Informações: Pre-instantiating singletons in org.springframework.beans.factory.support.DefaultListableBeanFactory@666c1838: defining beans [org.springframework.context.annotation.internalConfigurationAnnotationProcessor,org.springframework.context.annotation.internalAutowiredAnnotationProcessor,org.springframework.context.annotation.internalRequiredAnnotationProcessor,org.springframework.context.annotation.internalCommonAnnotationProcessor,usuarioCtrl,credencial,dataSource,transactionManager,org.springframework.context.annotation.ConfigurationClassPostProcessor.importAwareProcessor]; root of factory hierarchy
SLF4J: Failed to load class &quot;org.slf4j.impl.StaticLoggerBinder&quot;.
SLF4J: Defaulting to no-operation (NOP) logger implementation
SLF4J: See http://www.slf4j.org/codes.html#StaticLoggerBinder for further details.
Nov 23, 2013 3:57:02 PM org.springframework.mock.web.MockServletContext log
Informações: Initializing Spring FrameworkServlet &apos;&apos;
Nov 23, 2013 3:57:02 PM org.springframework.web.servlet.FrameworkServlet initServletBean
Informações: FrameworkServlet &apos;&apos;: initialization started
Nov 23, 2013 3:57:02 PM org.springframework.web.servlet.handler.AbstractUrlHandlerMapping registerHandler
Informações: Mapped URL path [/usuario] onto handler &apos;usuarioCtrl&apos;
Nov 23, 2013 3:57:02 PM org.springframework.web.servlet.handler.AbstractUrlHandlerMapping registerHandler
Informações: Mapped URL path [/usuario.*] onto handler &apos;usuarioCtrl&apos;
Nov 23, 2013 3:57:02 PM org.springframework.web.servlet.handler.AbstractUrlHandlerMapping registerHandler
Informações: Mapped URL path [/usuario/] onto handler &apos;usuarioCtrl&apos;
Nov 23, 2013 3:57:02 PM org.springframework.web.servlet.FrameworkServlet initServletBean
Informações: FrameworkServlet &apos;&apos;: initialization completed in 285 ms
</system-err>
  </testcase>
</testsuite>